INFO  2015-10-08 11:51:33,546 [main] com.hazelcast.simulator.provisioner.Provisioner: Hazelcast Simulator Provisioner
INFO  2015-10-08 11:51:33,553 [main] com.hazelcast.simulator.provisioner.Provisioner: Version: 0.6-SNAPSHOT, Commit: b426a4b, Build Time: 03.07.2015 @ 15:06:44 EEST
INFO  2015-10-08 11:51:33,553 [main] com.hazelcast.simulator.provisioner.Provisioner: SIMULATOR_HOME: /Users/sertugkaya/hazelcast-simulator-0.5
DEBUG 2015-10-08 11:51:33,554 [main] com.hazelcast.simulator.common.SimulatorProperties: Loading default simulator.properties from: /Users/sertugkaya/hazelcast-simulator-0.5/conf/simulator.properties
WARN  2015-10-08 11:51:33,578 [main] com.hazelcast.simulator.common.SimulatorProperties: /Users/sertugkaya/IdeaProjects/hazelcast-simulator/simulator.properties is not found, relying on defaults
INFO  2015-10-08 11:51:33,712 [main] com.hazelcast.simulator.provisioner.Provisioner: Current number of machines: 0
INFO  2015-10-08 11:51:33,712 [main] com.hazelcast.simulator.provisioner.Provisioner: Desired number of machines: 0
INFO  2015-10-08 11:51:33,713 [main] com.hazelcast.simulator.provisioner.Provisioner: Ignoring spawn machines, desired number of machines already exists.
INFO  2015-10-08 11:51:33,713 [main] com.hazelcast.simulator.provisioner.Provisioner: Shutting down Provisioner...
INFO  2015-10-08 11:51:33,713 [main] com.hazelcast.simulator.provisioner.Provisioner: Done!
INFO  2015-10-08 17:10:38,135 [main] com.hazelcast.simulator.provisioner.Provisioner: Hazelcast Simulator Provisioner
INFO  2015-10-08 17:10:38,143 [main] com.hazelcast.simulator.provisioner.Provisioner: Version: 0.6-SNAPSHOT, Commit: b426a4b, Build Time: 03.07.2015 @ 15:06:44 EEST
INFO  2015-10-08 17:10:38,143 [main] com.hazelcast.simulator.provisioner.Provisioner: SIMULATOR_HOME: /Users/sertugkaya/hazelcast-simulator-0.5
DEBUG 2015-10-08 17:10:38,145 [main] com.hazelcast.simulator.common.SimulatorProperties: Loading default simulator.properties from: /Users/sertugkaya/hazelcast-simulator-0.5/conf/simulator.properties
WARN  2015-10-08 17:10:38,194 [main] com.hazelcast.simulator.common.SimulatorProperties: /Users/sertugkaya/IdeaProjects/hazelcast-simulator/simulator.properties is not found, relying on defaults
INFO  2015-10-08 17:10:38,344 [main] com.hazelcast.simulator.provisioner.Provisioner: Current number of machines: 0
INFO  2015-10-08 17:10:38,344 [main] com.hazelcast.simulator.provisioner.Provisioner: Desired number of machines: 0
INFO  2015-10-08 17:10:38,345 [main] com.hazelcast.simulator.provisioner.Provisioner: Ignoring spawn machines, desired number of machines already exists.
INFO  2015-10-08 17:10:38,345 [main] com.hazelcast.simulator.provisioner.Provisioner: Shutting down Provisioner...
INFO  2015-10-08 17:10:38,346 [main] com.hazelcast.simulator.provisioner.Provisioner: Done!
